0 info it worked if it ends with ok
1 verbose cli [ 'C:\\Program Files (x86)\\nodejs\\\\node.exe',
1 verbose cli   'C:\\Program Files (x86)\\nodejs\\node_modules\\npm\\bin\\npm-cli.js',
1 verbose cli   'install',
1 verbose cli   'cordova-cli',
1 verbose cli   '-g' ]
2 info using npm@1.3.14
3 info using node@v0.10.22
4 verbose node symlink C:\Program Files (x86)\nodejs\\node.exe
5 verbose cache add [ 'cordova-cli', null ]
6 verbose cache add name=undefined spec="cordova-cli" args=["cordova-cli",null]
7 verbose parsed url { protocol: null,
7 verbose parsed url   slashes: null,
7 verbose parsed url   auth: null,
7 verbose parsed url   host: null,
7 verbose parsed url   port: null,
7 verbose parsed url   hostname: null,
7 verbose parsed url   hash: null,
7 verbose parsed url   search: null,
7 verbose parsed url   query: null,
7 verbose parsed url   pathname: 'cordova-cli',
7 verbose parsed url   path: 'cordova-cli',
7 verbose parsed url   href: 'cordova-cli' }
8 silly lockFile 125a469c-cordova-cli cordova-cli
9 verbose lock cordova-cli C:\Users\kenne_000\AppData\Roaming\npm-cache\125a469c-cordova-cli.lock
10 silly lockFile 125a469c-cordova-cli cordova-cli
11 silly lockFile 125a469c-cordova-cli cordova-cli
12 verbose addNamed [ 'cordova-cli', '' ]
13 verbose addNamed [ null, '*' ]
14 silly lockFile d155a01d-cordova-cli cordova-cli@
15 verbose lock cordova-cli@ C:\Users\kenne_000\AppData\Roaming\npm-cache\d155a01d-cordova-cli.lock
16 silly addNameRange { name: 'cordova-cli', range: '*', hasData: false }
17 verbose url raw cordova-cli
18 verbose url resolving [ 'https://registry.npmjs.org/', './cordova-cli' ]
19 verbose url resolved https://registry.npmjs.org/cordova-cli
20 info trying registry request attempt 1 at 23:25:45
21 http GET https://registry.npmjs.org/cordova-cli
22 http 404 https://registry.npmjs.org/cordova-cli
23 silly registry.get cb [ 404,
23 silly registry.get   { date: 'Fri, 17 Jan 2014 22:25:46 GMT',
23 silly registry.get     server: 'CouchDB/1.5.0 (Erlang OTP/R15B03)',
23 silly registry.get     'content-type': 'application/json',
23 silly registry.get     'cache-control': 'max-age=0',
23 silly registry.get     'content-length': '52',
23 silly registry.get     'accept-ranges': 'bytes',
23 silly registry.get     via: '1.1 varnish',
23 silly registry.get     age: '0',
23 silly registry.get     'x-served-by': 'cache-am77-AMS',
23 silly registry.get     'x-cache': 'MISS',
23 silly registry.get     'x-cache-hits': '0',
23 silly registry.get     'x-timer': 'S1389997545.920083761,VS0,VE129',
23 silly registry.get     'keep-alive': 'timeout=10, max=50',
23 silly registry.get     connection: 'Keep-Alive' } ]
24 silly lockFile d155a01d-cordova-cli cordova-cli@
25 silly lockFile d155a01d-cordova-cli cordova-cli@
26 error 404 'cordova-cli' is not in the npm registry.
26 error 404 You should bug the author to publish it
26 error 404
26 error 404 Note that you can also install from a
26 error 404 tarball, folder, or http url, or git url.
27 error System Windows_NT 6.2.9200
28 error command "C:\\Program Files (x86)\\nodejs\\\\node.exe" "C:\\Program Files (x86)\\nodejs\\node_modules\\npm\\bin\\npm-cli.js" "install" "cordova-cli" "-g"
29 error cwd D:\Ziax\Desktop\ziax-dash
30 error node -v v0.10.22
31 error npm -v 1.3.14
32 error code E404
33 verbose exit [ 1, true ]
